2026-05-26 17:11:39 | Starting PACS kidney Notebook 1 reproduction 
2026-05-26 17:11:39 | Output directory: /home/woodson/PACS_reproducing/results/kidney_notebook1_20260526_171139 
2026-05-26 17:11:39 | Data directory: /home/woodson/biostatistic/pacs/PACS_data 
2026-05-26 17:12:15 | Original pmats dim (cells x peaks): 14458 x 300755 
2026-05-26 17:13:40 | PT-only p_by_c dim after filtering: 120050 x 6308 
2026-05-26 17:13:40 | Actual PT p_by_c1 dim after filtering: 140549 x 6308 
2026-05-26 17:13:40 | Actual LOH p_by_c2 dim after filtering: 140549 x 2341 
2026-05-26 17:13:41 | run_baselines is FALSE; running PACS only. 
2026-05-26 17:13:43 | Repeat 1 / 1 
2026-05-26 17:13:46 | Calling local fixed PACS sparse wrapper permuted repeat 1: dim=100 x 100, rownames=100, colnames=100, meta_rows=100, cap_rates=100 
2026-05-26 17:13:46 | permuted repeat 1: 20 peaks consider cumulative logit models 
2026-05-26 17:13:46 | permuted repeat 1: 80 peaks consider logit models 
2026-05-26 17:13:48 | permuted repeat 1: pacs_test_cumu block 1/1 dim=20 x 100 
2026-05-26 17:13:49 | permuted repeat 1: pacs_test_logit block 1/1 dim=80 x 100 
2026-05-26 17:13:51 | Calling local fixed PACS sparse wrapper actual repeat 1: dim=100 x 100, rownames=100, colnames=100, meta_rows=100, cap_rates=100 
2026-05-26 17:13:51 | actual repeat 1: 16 peaks consider cumulative logit models 
2026-05-26 17:13:51 | actual repeat 1: 84 peaks consider logit models 
2026-05-26 17:13:52 | actual repeat 1: pacs_test_cumu block 1/1 dim=16 x 100 
2026-05-26 17:13:52 | actual repeat 1: pacs_test_logit block 1/1 dim=84 x 100 
2026-05-26 17:13:54 | Pseudo-true union methods: our 
2026-05-26 17:13:54 | PACS-only run: power for 'our' is defined against an 'our'-only union and is not the full notebook pseudo-true power comparison. 
2026-05-26 17:13:55 | Saved result RDS: /home/woodson/PACS_reproducing/results/kidney_notebook1_20260526_171139/pacs_kidney_notebook1_result.rds 
2026-05-26 17:13:55 | Saved summary CSV: /home/woodson/PACS_reproducing/results/kidney_notebook1_20260526_171139/summary.csv 
2026-05-26 17:13:55 | Saved session info: /home/woodson/PACS_reproducing/results/kidney_notebook1_20260526_171139/session_info.txt 
2026-05-26 17:13:55 | Finished 
